2016-06-29 21:19:44 - PHP Warning:  fopen(D:\Projects\homeBeer\wwwroot/system/storage/cache/cache.store.1467238784): failed to open stream: No such file or directory in D:\Projects\homeBeer\wwwroot\system\library\cache\file.php on line 49
2016-06-29 21:19:44 - PHP Warning:  flock() expects parameter 1 to be resource, boolean given in D:\Projects\homeBeer\wwwroot\system\library\cache\file.php on line 51
2016-06-29 21:19:44 - PHP Warning:  fwrite() expects parameter 1 to be resource, boolean given in D:\Projects\homeBeer\wwwroot\system\library\cache\file.php on line 53
2016-06-29 21:19:44 - PHP Warning:  fflush() expects parameter 1 to be resource, boolean given in D:\Projects\homeBeer\wwwroot\system\library\cache\file.php on line 55
2016-06-29 21:19:44 - PHP Warning:  flock() expects parameter 1 to be resource, boolean given in D:\Projects\homeBeer\wwwroot\system\library\cache\file.php on line 57
2016-06-29 21:19:44 - PHP Warning:  fclose() expects parameter 1 to be resource, boolean given in D:\Projects\homeBeer\wwwroot\system\library\cache\file.php on line 59
2016-06-29 21:19:44 - PHP Warning:  fopen(D:\Projects\homeBeer\wwwroot/system/storage/cache/cache.order_status.3.1467238784): failed to open stream: No such file or directory in D:\Projects\homeBeer\wwwroot\system\library\cache\file.php on line 49
2016-06-29 21:19:44 - PHP Warning:  flock() expects parameter 1 to be resource, boolean given in D:\Projects\homeBeer\wwwroot\system\library\cache\file.php on line 51
2016-06-29 21:19:44 - PHP Warning:  fwrite() expects parameter 1 to be resource, boolean given in D:\Projects\homeBeer\wwwroot\system\library\cache\file.php on line 53
2016-06-29 21:19:44 - PHP Warning:  fflush() expects parameter 1 to be resource, boolean given in D:\Projects\homeBeer\wwwroot\system\library\cache\file.php on line 55
2016-06-29 21:19:44 - PHP Warning:  flock() expects parameter 1 to be resource, boolean given in D:\Projects\homeBeer\wwwroot\system\library\cache\file.php on line 57
2016-06-29 21:19:44 - PHP Warning:  fclose() expects parameter 1 to be resource, boolean given in D:\Projects\homeBeer\wwwroot\system\library\cache\file.php on line 59
2016-06-29 21:19:58 - PHP Warning:  fopen(D:\Projects\homeBeer\wwwroot/system/storage/cache/cache.store.1467238798): failed to open stream: No such file or directory in D:\Projects\homeBeer\wwwroot\system\library\cache\file.php on line 49
2016-06-29 21:19:58 - PHP Warning:  flock() expects parameter 1 to be resource, boolean given in D:\Projects\homeBeer\wwwroot\system\library\cache\file.php on line 51
2016-06-29 21:19:58 - PHP Warning:  fwrite() expects parameter 1 to be resource, boolean given in D:\Projects\homeBeer\wwwroot\system\library\cache\file.php on line 53
2016-06-29 21:19:58 - PHP Warning:  fflush() expects parameter 1 to be resource, boolean given in D:\Projects\homeBeer\wwwroot\system\library\cache\file.php on line 55
2016-06-29 21:19:58 - PHP Warning:  flock() expects parameter 1 to be resource, boolean given in D:\Projects\homeBeer\wwwroot\system\library\cache\file.php on line 57
2016-06-29 21:19:58 - PHP Warning:  fclose() expects parameter 1 to be resource, boolean given in D:\Projects\homeBeer\wwwroot\system\library\cache\file.php on line 59
2016-06-29 21:19:58 - PHP Warning:  fopen(D:\Projects\homeBeer\wwwroot/system/storage/cache/cache.order_status.3.1467238798): failed to open stream: No such file or directory in D:\Projects\homeBeer\wwwroot\system\library\cache\file.php on line 49
2016-06-29 21:19:58 - PHP Warning:  flock() expects parameter 1 to be resource, boolean given in D:\Projects\homeBeer\wwwroot\system\library\cache\file.php on line 51
2016-06-29 21:19:58 - PHP Warning:  fwrite() expects parameter 1 to be resource, boolean given in D:\Projects\homeBeer\wwwroot\system\library\cache\file.php on line 53
2016-06-29 21:19:58 - PHP Warning:  fflush() expects parameter 1 to be resource, boolean given in D:\Projects\homeBeer\wwwroot\system\library\cache\file.php on line 55
2016-06-29 21:19:58 - PHP Warning:  flock() expects parameter 1 to be resource, boolean given in D:\Projects\homeBeer\wwwroot\system\library\cache\file.php on line 57
2016-06-29 21:19:58 - PHP Warning:  fclose() expects parameter 1 to be resource, boolean given in D:\Projects\homeBeer\wwwroot\system\library\cache\file.php on line 59
2016-07-17 17:16:26 - PHP Warning:  mysqli::query(): (21000/1242): Subquery returns more than 1 row in D:\Projects\homeBeer\wwwroot\system\library\db\mysqli.php on line 18
2016-07-17 17:16:26 - PHP Notice:  Error: Subquery returns more than 1 row<br />Error No: 1242<br />SELECT DISTINCT *, (SELECT GROUP_CONCAT(cd1.name ORDER BY level SEPARATOR '&nbsp;&nbsp;&gt;&nbsp;&nbsp;') FROM oc_category_path cp LEFT JOIN oc_category_description cd1 ON (cp.path_id = cd1.category_id AND cp.category_id != cp.path_id) WHERE cp.category_id = c.category_id AND cd1.language_id = '3' GROUP BY cp.category_id) AS path, (SELECT DISTINCT keyword FROM oc_url_alias WHERE query = 'category_id=56') AS keyword FROM oc_category c LEFT JOIN oc_category_description cd2 ON (c.category_id = cd2.category_id) WHERE c.category_id = '56' AND cd2.language_id = '3' in D:\Projects\homeBeer\wwwroot\system\library\db\mysqli.php on line 40
2016-07-17 17:16:26 - PHP Notice:  Trying to get property of non-object in D:\Projects\homeBeer\wwwroot\admin\model\catalog\category.php on line 213
